Keith Courvale	That'll Flat... Git It! vol.5 (Dot)	Trapped Love	20	121	L	1444580617
Bob Denton	That'll Flat... Git It! vol.5 (Dot)	Playboy	21	118	L	1444585346
Leroy Van Dyke	That'll Flat... Git It! vol.5 (Dot)	Chicken Shack	22	112	L	1444585460
Dick Lory	That'll Flat... Git It! vol.5 (Dot)	Ballroom Baby	23	123	L	1444585568
Ray Sharpe	That'll Flat... Git It! vol.5 (Dot)	That's The Way I Feel	24	113	L	1444585686
Kay Cee Jones	That'll Flat... Git It! vol.5 (Dot)	Johnny Johnny Johnny	25	143	L	1444585795
Ray Campi	That'll Flat... Git It! vol.5 (Dot)	It Ain't Me	26	138	L	1444585933
Mickey Gilley	That'll Flat... Git It! vol.5 (Dot)	Come On Baby	27	167	L	1444586066
Matt Lucas	That'll Flat... Git It! vol.5 (Dot)	Put Me Down	28	149	L	1444586228
Danny Wolfe	That'll Flat... Git It! vol.5 (Dot)	Let's Flat Get It	29	112	L	1444586373
Jimmy Dee & The Offbeats	That'll Flat... Git It! vol.5 (Dot)	Henrietta	30	162	L	1444586480
The Phantom	That'll Flat... Git It! vol.5 (Dot)	Love Me [alt. vers.]	31	88	L	1444586638
Danny Wolfe	That'll Flat... Git It! vol.5 (Dot)	Let's Flat Get It	29	112	L	1444586721
Jimmy Dee & The Offbeats	That'll Flat... Git It! vol.5 (Dot)	Henrietta	30	162	L	1444586828
Crass	Reality Asylum	Reality Asylum	1	398	L	1444586986
Crass	Reality Asylum	Shaved Women	2	282	L	1444587379
Crass	Penis Envy	Bata Motel	1	214	L	1444588462
Crass	Penis Envy	Systematic Death	2	237	L	1444588672
Crass	Penis Envy	Poison In A Pretty Pill	3	220	L	1444588905
Crass	Penis Envy	What The Fuck?	4	403	L	1444589120
Crass	Penis Envy	Where Next Columbus?	5	191	L	1444589519
Crass	Penis Envy	Berkertex Bribe	6	201	L	1444589705
Crass	Penis Envy	Smother Love	7	108	L	1444589902
Crass	Penis Envy	Health Surface	8	211	L	1444590005
Crass	Penis Envy	Dry Weather	9	186	L	1444590211
Crass	Penis Envy	Our Wedding	10	124	L	1444590393
Arsen Roulette	Cut Chemist Presents Lost And Found: Rockabilly And Jump Blues	Lovin' On My Mind	5	150	L	1444590512
Charlie Feathers	Cut Chemist Presents Lost And Found: Rockabilly And Jump Blues	Bottle To The Baby	17	164	L	1444590657
Flea Bops	Cut Chemist Presents Lost And Found: Rockabilly And Jump Blues	Good Time Woman	18	126	L	1444590817
Jesse Powel Orchestra	Cut Chemist Presents Lost And Found: Rockabilly And Jump Blues	The Walkin' Blues (Walk Right In, Walk Right Out)	1	174	L	1444590939
John Fred & The Playboys	Cut Chemist Presents Lost And Found: Rockabilly And Jump Blues	Boogie Children	4	178	L	1444591108
Johnny Burnette	Cut Chemist Presents Lost And Found: Rockabilly And Jump Blues	Rock Billy Boogie	11	150	L	1444591281
Johnny Clark & The Four Playboys	Cut Chemist Presents Lost And Found: Rockabilly And Jump Blues	Jungle Stomp	8	151	L	1444591426
Johnny Powers With The Band Of Stan Getz & Tom Cats	Cut Chemist Presents Lost And Found: Rockabilly And Jump Blues	Long Blond Hair, Red Rose Lips	15	132	L	1444591572
Junior Dean And The Avalons	Cut Chemist Presents Lost And Found: Rockabilly And Jump Blues	Chick Chick	14	144	L	1444591700
Kick 'em Jenny	Cut Chemist Presents Lost And Found: Rockabilly And Jump Blues	Stressed Up	12	170	L	1444591839
Link Wray & The Wraymen	Cut Chemist Presents Lost And Found: Rockabilly And Jump Blues	Run Chicken Run	6	118	L	1444592005
Little Junior's Blue Flames	Cut Chemist Presents Lost And Found: Rockabilly And Jump Blues	Feeling Good	2	175	L	1444592118
Mckinley Mitchell	Cut Chemist Presents Lost And Found: Rockabilly And Jump Blues	Rock Everybody Rock	3	131	L	1444592290
Ric Cartey	Cut Chemist Presents Lost And Found: Rockabilly And Jump Blues	Scratching On My Screen	10	151	L	1444592416
The Night Raiders	Cut Chemist Presents Lost And Found: Rockabilly And Jump Blues	Cottonpickin'	13	96	L	1444592563
The Phantom	Cut Chemist Presents Lost And Found: Rockabilly And Jump Blues	Love Me	7	91	L	1444592654
The Planet Rockers	Cut Chemist Presents Lost And Found: Rockabilly And Jump Blues	Batteroo	19	158	L	1444592740
The Recalls	Cut Chemist Presents Lost And Found: Rockabilly And Jump Blues	Nobody's Guy	9	111	L	1444592894
Wayne Walker	Cut Chemist Presents Lost And Found: Rockabilly And Jump Blues	All I Can Do Is Cry	16	127	L	1444593000
Mckinley Mitchell	Cut Chemist Presents Lost And Found: Rockabilly And Jump Blues	Rock Everybody Rock	3	131	L	1444593122
Ric Cartey	Cut Chemist Presents Lost And Found: Rockabilly And Jump Blues	Scratching On My Screen	10	151	L	1444593249
The Night Raiders	Cut Chemist Presents Lost And Found: Rockabilly And Jump Blues	Cottonpickin'	13	96	L	1444593395
